<?xml version="1.0" encoding="UTF-8"?>
<!-- Generated by org.testng.reporters.JUnitXMLReporter -->
<testsuite ignored="0" hostname="Lenovo-PC" failures="0" tests="5" name="PushNotification" time="65.527" errors="0" timestamp="2024-01-01T07:56:03 IST">
  <testcase classname="com.sevenrmartsupermarket.tests.ManageDeliveryBoyTest" name="verifySaveInformation" time="8.143"/>
  <testcase classname="com.sevenrmartsupermarket.tests.ManageDeliveryBoyTest" name="verifySearch" time="3.14"/>
  <testcase classname="com.sevenrmartsupermarket.tests.ManageDeliveryBoyTest" name="verify_Password" time="2.784"/>
  <testcase classname="com.sevenrmartsupermarket.tests.ManageDeliveryBoyTest" name="verify_SearchReset" time="6.179"/>
  <testcase classname="com.sevenrmartsupermarket.tests.ManageDeliveryBoyTest" name="verify_changeStatus" time="4.696"/>
</testsuite> <!-- PushNotification -->
